2026-06-22 20:51:11,227 [INFO] [run=-] run_build_preview start thread=MainThread
2026-06-22 20:51:11,228 [INFO] [run=7a405a27] phase-one sync complete duration_ms=0.0
2026-06-22 20:51:11,228 [INFO] [run=7a405a27] project snapshot complete duration_ms=0.3
2026-06-22 20:51:11,228 [INFO] [run=7a405a27] build_export_plan complete duration_ms=0.3
2026-06-22 20:51:11,229 [INFO] [run=7a405a27] validate_export_request complete errors=0 duration_ms=0.2
2026-06-22 20:51:11,229 [INFO] [run=7a405a27] resolve_export_target complete root=C:\Users\chowl\Zomboid\Workshop\Olive Test duration_ms=0.2
2026-06-22 20:51:11,229 [INFO] [run=7a405a27] build_preview_scenario complete rows=1 duration_ms=0.1
2026-06-22 20:51:11,229 [INFO] [run=7a405a27] resetting module four/five current run state
2026-06-22 20:51:11,230 [INFO] [run=7a405a27] export output_root=C:\Users\chowl\Zomboid\Workshop\Olive Test exists=False
2026-06-22 20:51:11,230 [INFO] [run=7a405a27] setting initial module four state
2026-06-22 20:51:11,231 [INFO] [run=7a405a27] initial module four state rendered
2026-06-22 20:51:11,233 [INFO] [run=7a405a27] build-lock start locked=True thread=MainThread
2026-06-22 20:51:11,236 [INFO] [run=7a405a27] build-lock end locked=True duration_ms=4.9 thread=MainThread
2026-06-22 20:51:11,237 [INFO] [run=7a405a27] starting worker-backed export run
2026-06-22 20:51:11,237 [INFO] [run=7a405a27] start_audio_build_run root=C:\Users\chowl\Zomboid\Workshop\Olive Test
2026-06-22 20:51:11,237 [INFO] [run=7a405a27] build worker entry root=C:\Users\chowl\Zomboid\Workshop\Olive Test thread=nmb-build-worker
2026-06-22 20:51:11,237 [INFO] [run=7a405a27] build worker started ident=47416
2026-06-22 20:51:11,237 [INFO] [run=7a405a27] run_staged_export start final_root=C:\Users\chowl\Zomboid\Workshop\Olive Test
2026-06-22 20:51:11,237 [INFO] [run=7a405a27] run_build_preview end duration_ms=10.6 thread=MainThread
2026-06-22 20:51:11,237 [INFO] [run=7a405a27] run_staged_export emit preparing staging_root=C:\Users\chowl\Zomboid\Workshop\.nmb_staging_0ed2a66e3ff14d9f9d1a497729ba8069
2026-06-22 20:51:11,237 [INFO] [run=7a405a27] run_staged_export scaffold start staging_root=C:\Users\chowl\Zomboid\Workshop\.nmb_staging_0ed2a66e3ff14d9f9d1a497729ba8069
2026-06-22 20:51:11,827 [INFO] [run=7a405a27] run_staged_export scaffold complete errors=0 size=4.6 MB
2026-06-22 20:51:11,828 [INFO] [run=7a405a27] run_staged_export build_audio_work_plan start
2026-06-22 20:51:11,828 [INFO] [run=7a405a27] run_staged_export audio_export start songs=1
2026-06-22 20:51:14,112 [INFO] [run=7a405a27] run_staged_export promote start staging=C:\Users\chowl\Zomboid\Workshop\.nmb_staging_0ed2a66e3ff14d9f9d1a497729ba8069 final=C:\Users\chowl\Zomboid\Workshop\Olive Test
2026-06-22 20:51:14,115 [INFO] [run=7a405a27] run_staged_export promote complete size=8.7 MB
2026-06-22 20:51:14,115 [INFO] [run=7a405a27] run_staged_export end final_root=C:\Users\chowl\Zomboid\Workshop\Olive Test
2026-06-22 20:51:14,115 [INFO] [run=7a405a27] build worker result aborted=False fatal_error=False errors=0 built_songs=1
2026-06-22 20:51:14,206 [INFO] [run=7a405a27] finalize_audio_run aborted=False fatal_error=False errors=0 built_songs=1
2026-06-22 20:51:14,220 [INFO] [run=7a405a27] build-lock start locked=False thread=MainThread
2026-06-22 20:51:14,225 [INFO] [run=7a405a27] build-lock end locked=False duration_ms=5.1 thread=MainThread
2026-06-22 21:38:01,182 [INFO] [run=-] run_build_preview start thread=MainThread
2026-06-22 21:38:01,182 [INFO] [run=91dda5a6] phase-one sync complete duration_ms=0.0
2026-06-22 21:38:01,182 [INFO] [run=91dda5a6] project snapshot complete duration_ms=0.2
2026-06-22 21:38:01,183 [INFO] [run=91dda5a6] build_export_plan complete duration_ms=0.3
2026-06-22 21:38:01,183 [INFO] [run=91dda5a6] validate_export_request complete errors=0 duration_ms=0.2
2026-06-22 21:38:01,183 [INFO] [run=91dda5a6] resolve_export_target complete root=C:\Users\chowl\Zomboid\Workshop\Olive Test duration_ms=0.2
2026-06-22 21:38:01,183 [INFO] [run=91dda5a6] build_preview_scenario complete rows=1 duration_ms=0.1
2026-06-22 21:38:01,183 [INFO] [run=91dda5a6] resetting module four/five current run state
2026-06-22 21:38:01,185 [INFO] [run=91dda5a6] export output_root=C:\Users\chowl\Zomboid\Workshop\Olive Test exists=True
2026-06-22 21:38:05,780 [INFO] [run=91dda5a6] setting initial module four state
2026-06-22 21:38:05,782 [INFO] [run=91dda5a6] initial module four state rendered
2026-06-22 21:38:05,782 [INFO] [run=91dda5a6] build-lock start locked=True thread=MainThread
2026-06-22 21:38:05,791 [INFO] [run=91dda5a6] build-lock end locked=True duration_ms=8.3 thread=MainThread
2026-06-22 21:38:05,791 [INFO] [run=91dda5a6] starting worker-backed export run
2026-06-22 21:38:05,791 [INFO] [run=91dda5a6] start_audio_build_run root=C:\Users\chowl\Zomboid\Workshop\Olive Test
2026-06-22 21:38:05,792 [INFO] [run=91dda5a6] build worker entry root=C:\Users\chowl\Zomboid\Workshop\Olive Test thread=nmb-build-worker
2026-06-22 21:38:05,792 [INFO] [run=91dda5a6] build worker started ident=9952
2026-06-22 21:38:05,792 [INFO] [run=91dda5a6] run_staged_export start final_root=C:\Users\chowl\Zomboid\Workshop\Olive Test
2026-06-22 21:38:05,792 [INFO] [run=91dda5a6] run_build_preview end duration_ms=4609.3 thread=MainThread
2026-06-22 21:38:05,792 [INFO] [run=91dda5a6] run_staged_export emit preparing staging_root=C:\Users\chowl\Zomboid\Workshop\.nmb_staging_1f288c828b6b4ffa9401a8db4296b009
2026-06-22 21:38:05,792 [INFO] [run=91dda5a6] run_staged_export scaffold start staging_root=C:\Users\chowl\Zomboid\Workshop\.nmb_staging_1f288c828b6b4ffa9401a8db4296b009
2026-06-22 21:38:06,155 [INFO] [run=91dda5a6] run_staged_export scaffold complete errors=0 size=3.1 MB
2026-06-22 21:38:06,155 [INFO] [run=91dda5a6] run_staged_export build_audio_work_plan start
2026-06-22 21:38:06,155 [INFO] [run=91dda5a6] run_staged_export audio_export start songs=1
2026-06-22 21:38:06,163 [INFO] [run=91dda5a6] run_staged_export promote start staging=C:\Users\chowl\Zomboid\Workshop\.nmb_staging_1f288c828b6b4ffa9401a8db4296b009 final=C:\Users\chowl\Zomboid\Workshop\Olive Test
2026-06-22 21:38:06,170 [INFO] [run=91dda5a6] run_staged_export promote complete size=7.2 MB
2026-06-22 21:38:06,170 [INFO] [run=91dda5a6] run_staged_export end final_root=C:\Users\chowl\Zomboid\Workshop\Olive Test
2026-06-22 21:38:06,170 [INFO] [run=91dda5a6] build worker result aborted=False fatal_error=False errors=0 built_songs=1
2026-06-22 21:38:06,222 [INFO] [run=91dda5a6] finalize_audio_run aborted=False fatal_error=False errors=0 built_songs=1
2026-06-22 21:38:06,231 [INFO] [run=91dda5a6] build-lock start locked=False thread=MainThread
2026-06-22 21:38:06,238 [INFO] [run=91dda5a6] build-lock end locked=False duration_ms=6.3 thread=MainThread
2026-06-22 21:38:28,214 [INFO] [run=-] run_build_preview start thread=MainThread
2026-06-22 21:38:28,214 [INFO] [run=bdb69671] phase-one sync complete duration_ms=0.0
2026-06-22 21:38:28,215 [INFO] [run=bdb69671] project snapshot complete duration_ms=0.1
2026-06-22 21:38:28,215 [INFO] [run=bdb69671] build_export_plan complete duration_ms=0.2
2026-06-22 21:38:28,215 [INFO] [run=bdb69671] validate_export_request complete errors=0 duration_ms=0.2
2026-06-22 21:38:28,215 [INFO] [run=bdb69671] resolve_export_target complete root=C:\Users\chowl\Zomboid\Workshop\Olive Test duration_ms=0.2
2026-06-22 21:38:28,215 [INFO] [run=bdb69671] build_preview_scenario complete rows=1 duration_ms=0.0
2026-06-22 21:38:28,215 [INFO] [run=bdb69671] resetting module four/five current run state
2026-06-22 21:38:28,218 [INFO] [run=bdb69671] export output_root=C:\Users\chowl\Zomboid\Workshop\Olive Test exists=True
2026-06-22 21:38:29,104 [INFO] [run=bdb69671] setting initial module four state
2026-06-22 21:38:29,105 [INFO] [run=bdb69671] initial module four state rendered
2026-06-22 21:38:29,105 [INFO] [run=bdb69671] build-lock start locked=True thread=MainThread
2026-06-22 21:38:29,109 [INFO] [run=bdb69671] build-lock end locked=True duration_ms=4.0 thread=MainThread
2026-06-22 21:38:29,109 [INFO] [run=bdb69671] starting worker-backed export run
2026-06-22 21:38:29,109 [INFO] [run=bdb69671] start_audio_build_run root=C:\Users\chowl\Zomboid\Workshop\Olive Test
2026-06-22 21:38:29,110 [INFO] [run=bdb69671] build worker entry root=C:\Users\chowl\Zomboid\Workshop\Olive Test thread=nmb-build-worker
2026-06-22 21:38:29,110 [INFO] [run=bdb69671] build worker started ident=35928
2026-06-22 21:38:29,110 [INFO] [run=bdb69671] run_staged_export start final_root=C:\Users\chowl\Zomboid\Workshop\Olive Test
2026-06-22 21:38:29,110 [INFO] [run=bdb69671] run_staged_export emit preparing staging_root=C:\Users\chowl\Zomboid\Workshop\.nmb_staging_786d0e1592954cc99d7d9b04460c5fb8
2026-06-22 21:38:29,110 [INFO] [run=bdb69671] run_staged_export scaffold start staging_root=C:\Users\chowl\Zomboid\Workshop\.nmb_staging_786d0e1592954cc99d7d9b04460c5fb8
2026-06-22 21:38:29,111 [INFO] [run=bdb69671] run_build_preview end duration_ms=897.5 thread=MainThread
2026-06-22 21:38:29,655 [INFO] [run=bdb69671] run_staged_export scaffold complete errors=0 size=4.6 MB
2026-06-22 21:38:29,655 [INFO] [run=bdb69671] run_staged_export build_audio_work_plan start
2026-06-22 21:38:29,655 [INFO] [run=bdb69671] run_staged_export audio_export start songs=1
2026-06-22 21:38:29,664 [INFO] [run=bdb69671] run_staged_export promote start staging=C:\Users\chowl\Zomboid\Workshop\.nmb_staging_786d0e1592954cc99d7d9b04460c5fb8 final=C:\Users\chowl\Zomboid\Workshop\Olive Test
2026-06-22 21:38:29,671 [INFO] [run=bdb69671] run_staged_export promote complete size=8.7 MB
2026-06-22 21:38:29,671 [INFO] [run=bdb69671] run_staged_export end final_root=C:\Users\chowl\Zomboid\Workshop\Olive Test
2026-06-22 21:38:29,671 [INFO] [run=bdb69671] build worker result aborted=False fatal_error=False errors=0 built_songs=1
2026-06-22 21:38:29,736 [INFO] [run=bdb69671] finalize_audio_run aborted=False fatal_error=False errors=0 built_songs=1
2026-06-22 21:38:29,747 [INFO] [run=bdb69671] build-lock start locked=False thread=MainThread
2026-06-22 21:38:29,752 [INFO] [run=bdb69671] build-lock end locked=False duration_ms=4.4 thread=MainThread
2026-06-23 17:29:41,474 [INFO] [run=-] run_build_preview start thread=MainThread
2026-06-23 17:29:41,475 [INFO] [run=fc64e934] phase-one sync complete duration_ms=0.0
2026-06-23 17:29:41,475 [INFO] [run=fc64e934] project snapshot complete duration_ms=0.3
2026-06-23 17:29:41,476 [INFO] [run=fc64e934] build_export_plan complete duration_ms=0.2
2026-06-23 17:29:41,476 [INFO] [run=fc64e934] validate_export_request complete errors=1 duration_ms=0.3
2026-06-23 17:29:41,476 [INFO] [run=fc64e934] build_preview_scenario complete rows=0 duration_ms=0.0
2026-06-23 17:29:41,476 [INFO] [run=fc64e934] resetting module four/five current run state
2026-06-23 17:29:41,478 [INFO] [run=fc64e934] validation blocked export
2026-06-23 17:29:55,994 [INFO] [run=-] run_build_preview start thread=MainThread
2026-06-23 17:29:55,995 [INFO] [run=4fd134f7] phase-one sync complete duration_ms=0.0
2026-06-23 17:29:55,995 [INFO] [run=4fd134f7] project snapshot complete duration_ms=0.1
2026-06-23 17:29:55,995 [INFO] [run=4fd134f7] build_export_plan complete duration_ms=0.2
2026-06-23 17:29:55,995 [INFO] [run=4fd134f7] validate_export_request complete errors=0 duration_ms=0.2
2026-06-23 17:29:55,996 [INFO] [run=4fd134f7] resolve_export_target complete root=C:\Users\chowl\Zomboid\Workshop\Olive Test duration_ms=0.2
2026-06-23 17:29:55,996 [INFO] [run=4fd134f7] build_preview_scenario complete rows=1 duration_ms=0.1
2026-06-23 17:29:55,996 [INFO] [run=4fd134f7] resetting module four/five current run state
2026-06-23 17:29:55,998 [INFO] [run=4fd134f7] export output_root=C:\Users\chowl\Zomboid\Workshop\Olive Test exists=True
2026-06-23 17:29:57,492 [INFO] [run=4fd134f7] setting initial module four state
2026-06-23 17:29:57,497 [INFO] [run=4fd134f7] initial module four state rendered
2026-06-23 17:29:57,497 [INFO] [run=4fd134f7] build-lock start locked=True thread=MainThread
2026-06-23 17:29:57,504 [INFO] [run=4fd134f7] build-lock end locked=True duration_ms=6.3 thread=MainThread
2026-06-23 17:29:57,504 [INFO] [run=4fd134f7] starting worker-backed export run
2026-06-23 17:29:57,504 [INFO] [run=4fd134f7] start_audio_build_run root=C:\Users\chowl\Zomboid\Workshop\Olive Test
2026-06-23 17:29:57,504 [INFO] [run=4fd134f7] build worker entry root=C:\Users\chowl\Zomboid\Workshop\Olive Test thread=nmb-build-worker
2026-06-23 17:29:57,504 [INFO] [run=4fd134f7] build worker started ident=37408
2026-06-23 17:29:57,504 [INFO] [run=4fd134f7] run_staged_export start final_root=C:\Users\chowl\Zomboid\Workshop\Olive Test
2026-06-23 17:29:57,505 [INFO] [run=4fd134f7] run_build_preview end duration_ms=1510.2 thread=MainThread
2026-06-23 17:29:57,505 [INFO] [run=4fd134f7] run_staged_export emit preparing staging_root=C:\Users\chowl\Zomboid\Workshop\.nmb_staging_6902529b6eb94d5ba8ce24017190c5f1
2026-06-23 17:29:57,505 [INFO] [run=4fd134f7] run_staged_export scaffold start staging_root=C:\Users\chowl\Zomboid\Workshop\.nmb_staging_6902529b6eb94d5ba8ce24017190c5f1
2026-06-23 17:29:57,882 [INFO] [run=4fd134f7] run_staged_export scaffold complete errors=0 size=3.1 MB
2026-06-23 17:29:57,882 [INFO] [run=4fd134f7] run_staged_export build_audio_work_plan start
2026-06-23 17:29:57,882 [INFO] [run=4fd134f7] run_staged_export audio_export start songs=1
2026-06-23 17:29:57,893 [INFO] [run=4fd134f7] run_staged_export promote start staging=C:\Users\chowl\Zomboid\Workshop\.nmb_staging_6902529b6eb94d5ba8ce24017190c5f1 final=C:\Users\chowl\Zomboid\Workshop\Olive Test
2026-06-23 17:29:57,903 [INFO] [run=4fd134f7] run_staged_export promote complete size=3.1 MB
2026-06-23 17:29:57,903 [INFO] [run=4fd134f7] run_staged_export end final_root=C:\Users\chowl\Zomboid\Workshop\Olive Test
2026-06-23 17:29:57,904 [INFO] [run=4fd134f7] build worker result aborted=False fatal_error=False errors=0 built_songs=1
2026-06-23 17:29:57,955 [INFO] [run=4fd134f7] finalize_audio_run aborted=False fatal_error=False errors=0 built_songs=1
2026-06-23 17:29:57,965 [INFO] [run=4fd134f7] build-lock start locked=False thread=MainThread
2026-06-23 17:29:57,971 [INFO] [run=4fd134f7] build-lock end locked=False duration_ms=5.7 thread=MainThread
